Using pre-set license
Built from '2020.3/staging' branch; Version is '2020.3.18f1 (a7d1c678663c) revision 10998214'; Using compiler version '192528614'; Build Type 'Release'
OS: 'Windows 10 Home; OS build 19042.1237; Version 2009; 64bit' Language: 'hu' Physical Memory: 16267 MB
BatchMode: 1, IsHumanControllingUs: 0, StartBugReporterOnCrash: 0, Is64bit: 1, IsPro: 0

COMMAND LINE ARGUMENTS:
D:\Programs\Unity\2020.3.18f1\Editor\Unity.exe
-adb2
-batchMode
-noUpm
-name
AssetImportWorker0
-projectPath
D:/Programs/Unity/Files - Savings/PolyRace
-logFile
Logs/AssetImportWorker0.log
-srvPort
61911
Successfully changed project path to: D:/Programs/Unity/Files - Savings/PolyRace
D:/Programs/Unity/Files - Savings/PolyRace
Using Asset Import Pipeline V2.
Refreshing native plugins compatible for Editor in 55.84 ms, found 2 plugins.
Preloading 0 native plugins for Editor in 0.00 ms.
Initialize engine version: 2020.3.18f1 (a7d1c678663c)
[Subsystems] Discovering subsystems at path D:/Programs/Unity/2020.3.18f1/Editor/Data/Resources/UnitySubsystems
[Subsystems] Discovering subsystems at path D:/Programs/Unity/Files - Savings/PolyRace/Assets
GfxDevice: creating device client; threaded=0
Direct3D:
    Version:  Direct3D 11.0 [level 11.1]
    Renderer: NVIDIA GeForce GTX 970M (ID=0x13d8)
    Vendor:   
    VRAM:     3032 MB
    Driver:   30.0.14.7196
Initialize mono
Mono path[0] = 'D:/Programs/Unity/2020.3.18f1/Editor/Data/Managed'
Mono path[1] = 'D:/Programs/Unity/2020.3.18f1/Editor/Data/MonoBleedingEdge/lib/mono/unityjit'
Mono config path = 'D:/Programs/Unity/2020.3.18f1/Editor/Data/MonoBleedingEdge/etc'
Using monoOptions --debugger-agent=transport=dt_socket,embedding=1,server=y,suspend=n,address=127.0.0.1:56024
Begin MonoManager ReloadAssembly
Registering precompiled unity dll's ...
Register platform support module: D:/Programs/Unity/2020.3.18f1/Editor/Data/PlaybackEngines/WebGLSupport/UnityEditor.WebGL.Extensions.dll
Register platform support module: D:/Programs/Unity/2020.3.18f1/Editor/Data/PlaybackEngines/WindowsStandaloneSupport/UnityEditor.WindowsStandalone.Extensions.dll
Registered in 0.002157 seconds.
Native extension for WindowsStandalone target not found
Native extension for WebGL target not found
Refreshing native plugins compatible for Editor in 85.93 ms, found 2 plugins.
Preloading 0 native plugins for Editor in 0.00 ms.
Mono: successfully reloaded assembly
- Completed reload, in  2.052 seconds
Domain Reload Profiling:
	ReloadAssembly (2052ms)
		BeginReloadAssembly (106ms)
			ExecutionOrderSort (0ms)
			DisableScriptedObjects (0ms)
			BackupInstance (0ms)
			ReleaseScriptingObjects (0ms)
			CreateAndSetChildDomain (1ms)
		EndReloadAssembly (742ms)
			LoadAssemblies (107ms)
			RebuildTransferFunctionScriptingTraits (0ms)
			SetupTypeCache (231ms)
			ReleaseScriptCaches (0ms)
			RebuildScriptCaches (40ms)
			SetupLoadedEditorAssemblies (303ms)
				LogAssemblyErrors (0ms)
				InitializePlatformSupportModulesInManaged (7ms)
				SetLoadedEditorAssemblies (0ms)
				RefreshPlugins (86ms)
				BeforeProcessingInitializeOnLoad (19ms)
				ProcessInitializeOnLoadAttributes (154ms)
				ProcessInitializeOnLoadMethodAttributes (37ms)
				AfterProcessingInitializeOnLoad (0ms)
				EditorAssembliesLoaded (0ms)
			ExecutionOrderSort2 (0ms)
			AwakeInstancesAfterBackupRestoration (0ms)
Platform modules already initialized, skipping
Registering precompiled user dll's ...
Registered in 0.004790 seconds.
Begin MonoManager ReloadAssembly
Native extension for WindowsStandalone target not found
Native extension for WebGL target not found
Refreshing native plugins compatible for Editor in 0.94 ms, found 2 plugins.
Preloading 0 native plugins for Editor in 0.00 ms.
Mono: successfully reloaded assembly
- Completed reload, in  1.325 seconds
Domain Reload Profiling:
	ReloadAssembly (1326ms)
		BeginReloadAssembly (211ms)
			ExecutionOrderSort (0ms)
			DisableScriptedObjects (5ms)
			BackupInstance (0ms)
			ReleaseScriptingObjects (0ms)
			CreateAndSetChildDomain (21ms)
		EndReloadAssembly (1036ms)
			LoadAssemblies (148ms)
			RebuildTransferFunctionScriptingTraits (0ms)
			SetupTypeCache (369ms)
			ReleaseScriptCaches (1ms)
			RebuildScriptCaches (69ms)
			SetupLoadedEditorAssemblies (354ms)
				LogAssemblyErrors (0ms)
				InitializePlatformSupportModulesInManaged (7ms)
				SetLoadedEditorAssemblies (1ms)
				RefreshPlugins (1ms)
				BeforeProcessingInitializeOnLoad (110ms)
				ProcessInitializeOnLoadAttributes (228ms)
				ProcessInitializeOnLoadMethodAttributes (4ms)
				AfterProcessingInitializeOnLoad (3ms)
				EditorAssembliesLoaded (0ms)
			ExecutionOrderSort2 (0ms)
			AwakeInstancesAfterBackupRestoration (7ms)
Platform modules already initialized, skipping
========================================================================
Worker process is ready to serve import requests
Launched and connected shader compiler UnityShaderCompiler.exe after 0.08 seconds
Refreshing native plugins compatible for Editor in 0.52 ms, found 2 plugins.
Preloading 0 native plugins for Editor in 0.00 ms.
Unloading 1458 Unused Serialized files (Serialized files now loaded: 0)
System memory in use before: 88.8 MB.
System memory in use after: 88.6 MB.

Unloading 17 unused Assets to reduce memory usage. Loaded Objects now: 1916.
Total: 3.923400 ms (FindLiveObjects: 0.177900 ms CreateObjectMapping: 0.052900 ms MarkObjects: 3.324000 ms  DeleteObjects: 0.366500 ms)

AssetImportParameters requested are different than current active one (requested -> active):
  custom:framework-win-MediaFoundation: 216162199b28c13a410421893ffa2e32 -> 
  custom:video-decoder-ogg-theora: a1e56fd34408186e4bbccfd4996cb3dc -> 
  custom:container-muxer-webm: aa71ff27fc2769a1b78a27578f13a17b -> 
  custom:container-demuxer-webm: 4f35f7cbe854078d1ac9338744f61a02 -> 
  custom:container-demuxer-ogg: 62fdf1f143b41e24485cea50d1cbac27 -> 
  custom:video-encoder-webm-vp8: eb34c28f22e8b96e1ab97ce403110664 -> 
  custom:video-decoder-webm-vp8: 9c59270c3fd7afecdb556c50c9e8de78 -> 
  custom:audio-decoder-ogg-vorbis: bf7c407c2cedff20999df2af8eb42d56 -> 
  custom:audio-encoder-webm-vorbis: bf7c407c2cedff20999df2af8eb42d56 -> 
========================================================================
Received Import Request.
  path: Assets/CheckpointManager.cs
  artifactKey: Guid(29abb49573a2b94478ea41b4a607c84b) Importer(815301076,1909f56bfc062723c751e8b465ee728b)
Start importing Assets/CheckpointManager.cs using Guid(29abb49573a2b94478ea41b4a607c84b) Importer(815301076,1909f56bfc062723c751e8b465ee728b)  -> (artifact id: 'a247e2a1821553b03e38f55c77411b96') in 0.088852 seconds 
  Import took 0.094764 seconds .

========================================================================
Received Prepare
Registering precompiled user dll's ...
Registered in 0.004961 seconds.
Begin MonoManager ReloadAssembly
Native extension for WindowsStandalone target not found
Native extension for WebGL target not found
Refreshing native plugins compatible for Editor in 0.63 ms, found 2 plugins.
Preloading 0 native plugins for Editor in 0.00 ms.
Mono: successfully reloaded assembly
- Completed reload, in  1.473 seconds
Domain Reload Profiling:
	ReloadAssembly (1474ms)
		BeginReloadAssembly (206ms)
			ExecutionOrderSort (0ms)
			DisableScriptedObjects (5ms)
			BackupInstance (0ms)
			ReleaseScriptingObjects (0ms)
			CreateAndSetChildDomain (44ms)
		EndReloadAssembly (1181ms)
			LoadAssemblies (191ms)
			RebuildTransferFunctionScriptingTraits (0ms)
			SetupTypeCache (423ms)
			ReleaseScriptCaches (1ms)
			RebuildScriptCaches (57ms)
			SetupLoadedEditorAssemblies (425ms)
				LogAssemblyErrors (0ms)
				InitializePlatformSupportModulesInManaged (8ms)
				SetLoadedEditorAssemblies (1ms)
				RefreshPlugins (1ms)
				BeforeProcessingInitializeOnLoad (118ms)
				ProcessInitializeOnLoadAttributes (288ms)
				ProcessInitializeOnLoadMethodAttributes (5ms)
				AfterProcessingInitializeOnLoad (4ms)
				EditorAssembliesLoaded (0ms)
			ExecutionOrderSort2 (0ms)
			AwakeInstancesAfterBackupRestoration (10ms)
Platform modules already initialized, skipping
Refreshing native plugins compatible for Editor in 0.55 ms, found 2 plugins.
Preloading 0 native plugins for Editor in 0.00 ms.
Unloading 1435 Unused Serialized files (Serialized files now loaded: 0)
System memory in use before: 86.9 MB.
System memory in use after: 86.7 MB.

Unloading 12 unused Assets to reduce memory usage. Loaded Objects now: 1918.
Total: 3.886400 ms (FindLiveObjects: 0.178800 ms CreateObjectMapping: 0.064500 ms MarkObjects: 3.310500 ms  DeleteObjects: 0.330300 ms)

AssetImportParameters requested are different than current active one (requested -> active):
  custom:framework-win-MediaFoundation: 216162199b28c13a410421893ffa2e32 -> 
  custom:video-decoder-ogg-theora: a1e56fd34408186e4bbccfd4996cb3dc -> 
  custom:container-muxer-webm: aa71ff27fc2769a1b78a27578f13a17b -> 
  custom:container-demuxer-webm: 4f35f7cbe854078d1ac9338744f61a02 -> 
  custom:container-demuxer-ogg: 62fdf1f143b41e24485cea50d1cbac27 -> 
  custom:video-encoder-webm-vp8: eb34c28f22e8b96e1ab97ce403110664 -> 
  custom:video-decoder-webm-vp8: 9c59270c3fd7afecdb556c50c9e8de78 -> 
  custom:audio-decoder-ogg-vorbis: bf7c407c2cedff20999df2af8eb42d56 -> 
  custom:audio-encoder-webm-vorbis: bf7c407c2cedff20999df2af8eb42d56 -> 
========================================================================
Received Import Request.
  Time since last request: 440.997899 seconds.
  path: Assets/SimplePoly - Town Pack/Meshes/RoadSegments/sptp_sidewalk_segment_01.FBX
  artifactKey: Guid(d786bdb1dce731f428e5143f68c40e50) Importer(815301076,1909f56bfc062723c751e8b465ee728b)
Start importing Assets/SimplePoly - Town Pack/Meshes/RoadSegments/sptp_sidewalk_segment_01.FBX using Guid(d786bdb1dce731f428e5143f68c40e50) Importer(815301076,1909f56bfc062723c751e8b465ee728b)  -> (artifact id: 'a8009a1d2dd7619acfcb98093a7f8f5e') in 0.227588 seconds 
  Import took 0.230864 seconds .

========================================================================
Received Import Request.
  Time since last request: 0.000408 seconds.
  path: Assets/SimplePoly - Town Pack/Meshes/RoadSegments/sptp_street_concrete_01.FBX
  artifactKey: Guid(1c6059596d03b99459775930fd3a3ebe) Importer(815301076,1909f56bfc062723c751e8b465ee728b)
Start importing Assets/SimplePoly - Town Pack/Meshes/RoadSegments/sptp_street_concrete_01.FBX using Guid(1c6059596d03b99459775930fd3a3ebe) Importer(815301076,1909f56bfc062723c751e8b465ee728b)  -> (artifact id: '47efe4596e4ec4af2e45bd1e9f8d31de') in 0.022999 seconds 
  Import took 0.026686 seconds .

========================================================================
Received Import Request.
  Time since last request: 0.000283 seconds.
  path: Assets/SimplePoly - Town Pack/Meshes/RoadSegments/sptp_sidewalk_segment_01.FBX
  artifactKey: Guid(d786bdb1dce731f428e5143f68c40e50) Importer(815301076,1909f56bfc062723c751e8b465ee728b)
Start importing Assets/SimplePoly - Town Pack/Meshes/RoadSegments/sptp_sidewalk_segment_01.FBX using Guid(d786bdb1dce731f428e5143f68c40e50) Importer(815301076,1909f56bfc062723c751e8b465ee728b)  -> (artifact id: 'a8009a1d2dd7619acfcb98093a7f8f5e') in 0.017850 seconds 
  Import took 0.021179 seconds .

========================================================================
Received Import Request.
  Time since last request: 0.000573 seconds.
  path: Assets/SimplePoly - Town Pack/Meshes/RoadSegments/sptp_street_concrete_02.FBX
  artifactKey: Guid(6158d1a3191329a4c81f6f9e6c932e99) Importer(815301076,1909f56bfc062723c751e8b465ee728b)
Start importing Assets/SimplePoly - Town Pack/Meshes/RoadSegments/sptp_street_concrete_02.FBX using Guid(6158d1a3191329a4c81f6f9e6c932e99) Importer(815301076,1909f56bfc062723c751e8b465ee728b)  -> (artifact id: '15ea702c5fd6740449005413c8c25287') in 0.034893 seconds 
  Import took 0.037936 seconds .

========================================================================
Received Import Request.
  Time since last request: 0.000296 seconds.
  path: Assets/SimplePoly - Town Pack/Meshes/RoadSegments/sptp_sidewalk_segment_03.FBX
  artifactKey: Guid(c8f6bedd111843049866ffa538a9353a) Importer(815301076,1909f56bfc062723c751e8b465ee728b)
Start importing Assets/SimplePoly - Town Pack/Meshes/RoadSegments/sptp_sidewalk_segment_03.FBX using Guid(c8f6bedd111843049866ffa538a9353a) Importer(815301076,1909f56bfc062723c751e8b465ee728b)  -> (artifact id: '655da6e7e1a6d92b09b5470d47375788') in 0.023253 seconds 
  Import took 0.026347 seconds .

========================================================================
Received Import Request.
  Time since last request: 0.000430 seconds.
  path: Assets/SimplePoly - Town Pack/Meshes/Nature/sptp_tree_01.FBX
  artifactKey: Guid(675d7e29457a9dc49948bc60f3024cd4) Importer(815301076,1909f56bfc062723c751e8b465ee728b)
Start importing Assets/SimplePoly - Town Pack/Meshes/Nature/sptp_tree_01.FBX using Guid(675d7e29457a9dc49948bc60f3024cd4) Importer(815301076,1909f56bfc062723c751e8b465ee728b)  -> (artifact id: '554a13967623c92692a220fbb9e6ac3f') in 0.019162 seconds 
  Import took 0.023227 seconds .

========================================================================
Received Import Request.
  Time since last request: 0.000289 seconds.
  path: Assets/SimplePoly - Town Pack/Meshes/Nature/sptp_stone_01.FBX
  artifactKey: Guid(7a00075224fdb4041b450968bd83cbe0) Importer(815301076,1909f56bfc062723c751e8b465ee728b)
Start importing Assets/SimplePoly - Town Pack/Meshes/Nature/sptp_stone_01.FBX using Guid(7a00075224fdb4041b450968bd83cbe0) Importer(815301076,1909f56bfc062723c751e8b465ee728b)  -> (artifact id: 'b1bfbcd9f2747aa7e8f3d08cb79e4ea0') in 0.021271 seconds 
  Import took 0.024312 seconds .

========================================================================
Received Import Request.
  Time since last request: 0.000306 seconds.
  path: Assets/SimplePoly - Town Pack/Meshes/Nature/sptp_stone_02.FBX
  artifactKey: Guid(4b333372d5cfbe54cafbecf3ced0a55b) Importer(815301076,1909f56bfc062723c751e8b465ee728b)
Start importing Assets/SimplePoly - Town Pack/Meshes/Nature/sptp_stone_02.FBX using Guid(4b333372d5cfbe54cafbecf3ced0a55b) Importer(815301076,1909f56bfc062723c751e8b465ee728b)  -> (artifact id: '671c479d3e48876402da55279ea30348') in 0.018739 seconds 
  Import took 0.023375 seconds .

========================================================================
Received Import Request.
  Time since last request: 0.000321 seconds.
  path: Assets/SimplePoly - Town Pack/Meshes/RoadSegments/sptp_sidewalk_segment_02.FBX
  artifactKey: Guid(12deb1b06e0aa70488c239a98c217717) Importer(815301076,1909f56bfc062723c751e8b465ee728b)
Start importing Assets/SimplePoly - Town Pack/Meshes/RoadSegments/sptp_sidewalk_segment_02.FBX using Guid(12deb1b06e0aa70488c239a98c217717) Importer(815301076,1909f56bfc062723c751e8b465ee728b)  -> (artifact id: '6051ea7fdda8799fe039d37d3cb23218') in 0.019657 seconds 
  Import took 0.023931 seconds .

========================================================================
Received Import Request.
  Time since last request: 0.000415 seconds.
  path: Assets/SimplePoly - Town Pack/Meshes/Nature/sptp_tree_02.FBX
  artifactKey: Guid(6b76483e5d225db46b282c88ff311a4b) Importer(815301076,1909f56bfc062723c751e8b465ee728b)
Start importing Assets/SimplePoly - Town Pack/Meshes/Nature/sptp_tree_02.FBX using Guid(6b76483e5d225db46b282c88ff311a4b) Importer(815301076,1909f56bfc062723c751e8b465ee728b)  -> (artifact id: '5d0b88066b7ec88dbade12a2c19d1d36') in 0.022800 seconds 
  Import took 0.026661 seconds .

========================================================================
Received Import Request.
  Time since last request: 0.001485 seconds.
  path: Assets/SimplePoly - Town Pack/Meshes/Nature/sptp_tree_02.FBX
  artifactKey: Guid(6b76483e5d225db46b282c88ff311a4b) Importer(815301076,1909f56bfc062723c751e8b465ee728b)
Start importing Assets/SimplePoly - Town Pack/Meshes/Nature/sptp_tree_02.FBX using Guid(6b76483e5d225db46b282c88ff311a4b) Importer(815301076,1909f56bfc062723c751e8b465ee728b)  -> (artifact id: '5d0b88066b7ec88dbade12a2c19d1d36') in 0.019665 seconds 
  Import took 0.022635 seconds .

========================================================================
Received Import Request.
  Time since last request: 111.335719 seconds.
  path: Assets/Water.mat
  artifactKey: Guid(b686b478ae678de4f8d2dfcd0716a305) Importer(815301076,1909f56bfc062723c751e8b465ee728b)
Start importing Assets/Water.mat using Guid(b686b478ae678de4f8d2dfcd0716a305) Importer(815301076,1909f56bfc062723c751e8b465ee728b)  -> (artifact id: '2095f9fc604a433f4a71894f9e704407') in 0.047496 seconds 
  Import took 0.050465 seconds .

========================================================================
Received Prepare
Registering precompiled user dll's ...
Registered in 0.005302 seconds.
Begin MonoManager ReloadAssembly
Native extension for WindowsStandalone target not found
Native extension for WebGL target not found
Refreshing native plugins compatible for Editor in 0.72 ms, found 2 plugins.
Preloading 0 native plugins for Editor in 0.00 ms.
Mono: successfully reloaded assembly
- Completed reload, in  1.500 seconds
Domain Reload Profiling:
	ReloadAssembly (1500ms)
		BeginReloadAssembly (206ms)
			ExecutionOrderSort (0ms)
			DisableScriptedObjects (5ms)
			BackupInstance (0ms)
			ReleaseScriptingObjects (0ms)
			CreateAndSetChildDomain (49ms)
		EndReloadAssembly (1186ms)
			LoadAssemblies (197ms)
			RebuildTransferFunctionScriptingTraits (0ms)
			SetupTypeCache (421ms)
			ReleaseScriptCaches (1ms)
			RebuildScriptCaches (59ms)
			SetupLoadedEditorAssemblies (416ms)
				LogAssemblyErrors (0ms)
				InitializePlatformSupportModulesInManaged (8ms)
				SetLoadedEditorAssemblies (1ms)
				RefreshPlugins (1ms)
				BeforeProcessingInitializeOnLoad (117ms)
				ProcessInitializeOnLoadAttributes (280ms)
				ProcessInitializeOnLoadMethodAttributes (5ms)
				AfterProcessingInitializeOnLoad (4ms)
				EditorAssembliesLoaded (0ms)
			ExecutionOrderSort2 (0ms)
			AwakeInstancesAfterBackupRestoration (10ms)
Platform modules already initialized, skipping
Refreshing native plugins compatible for Editor in 0.59 ms, found 2 plugins.
Preloading 0 native plugins for Editor in 0.00 ms.
Unloading 1435 Unused Serialized files (Serialized files now loaded: 0)
System memory in use before: 90.4 MB.
System memory in use after: 90.3 MB.

Unloading 13 unused Assets to reduce memory usage. Loaded Objects now: 1963.
Total: 4.032800 ms (FindLiveObjects: 0.285200 ms CreateObjectMapping: 0.094400 ms MarkObjects: 3.389300 ms  DeleteObjects: 0.261900 ms)

AssetImportParameters requested are different than current active one (requested -> active):
  custom:framework-win-MediaFoundation: 216162199b28c13a410421893ffa2e32 -> 
  custom:video-decoder-ogg-theora: a1e56fd34408186e4bbccfd4996cb3dc -> 
  custom:container-muxer-webm: aa71ff27fc2769a1b78a27578f13a17b -> 
  custom:container-demuxer-webm: 4f35f7cbe854078d1ac9338744f61a02 -> 
  custom:container-demuxer-ogg: 62fdf1f143b41e24485cea50d1cbac27 -> 
  custom:video-encoder-webm-vp8: eb34c28f22e8b96e1ab97ce403110664 -> 
  custom:video-decoder-webm-vp8: 9c59270c3fd7afecdb556c50c9e8de78 -> 
  custom:audio-decoder-ogg-vorbis: bf7c407c2cedff20999df2af8eb42d56 -> 
  custom:audio-encoder-webm-vorbis: bf7c407c2cedff20999df2af8eb42d56 -> 
========================================================================
Received Import Request.
  Time since last request: 339.356943 seconds.
  path: Assets/New Terrain 1.asset
  artifactKey: Guid(6cb092ec30e203a4d8ca4723d84541d4) Importer(815301076,1909f56bfc062723c751e8b465ee728b)
Start importing Assets/New Terrain 1.asset using Guid(6cb092ec30e203a4d8ca4723d84541d4) Importer(815301076,1909f56bfc062723c751e8b465ee728b)  -> (artifact id: '94d23bd9dc567f89730575c7e75813c9') in 0.038553 seconds 
  Import took 0.042182 seconds .

========================================================================
Received Import Request.
  Time since last request: 170.269007 seconds.
  path: Assets/Barrier Pack/Textures/painted_barrier_textures/barrier_DefaultMaterial_AlbedoTransparency.png
  artifactKey: Guid(cbe13f15cc923ea45928db4deb331a3d) Importer(815301076,1909f56bfc062723c751e8b465ee728b)
Start importing Assets/Barrier Pack/Textures/painted_barrier_textures/barrier_DefaultMaterial_AlbedoTransparency.png using Guid(cbe13f15cc923ea45928db4deb331a3d) Importer(815301076,1909f56bfc062723c751e8b465ee728b)  -> (artifact id: '580f3e799e7b8095483822841ae7f55d') in 0.447495 seconds 
  Import took 0.452436 seconds .

========================================================================
Received Import Request.
  Time since last request: 0.000321 seconds.
  path: Assets/Barrier Pack/Textures/barrier_textures/barrier_DefaultMaterial_MetallicSmoothness.png
  artifactKey: Guid(87d9f29a08e2578478591317867a3d43) Importer(815301076,1909f56bfc062723c751e8b465ee728b)
Start importing Assets/Barrier Pack/Textures/barrier_textures/barrier_DefaultMaterial_MetallicSmoothness.png using Guid(87d9f29a08e2578478591317867a3d43) Importer(815301076,1909f56bfc062723c751e8b465ee728b)  -> (artifact id: '809a38109bbd4c7655ac0c05fb3ef785') in 0.091828 seconds 
  Import took 0.095005 seconds .

========================================================================
Received Import Request.
  Time since last request: 0.000369 seconds.
  path: Assets/Barrier Pack/Textures/big_cone_orange_textures/big_cone_DefaultMaterial_Normal.png
  artifactKey: Guid(5f6b4fbcfac40af48a3c137c7f044565) Importer(815301076,1909f56bfc062723c751e8b465ee728b)
Start importing Assets/Barrier Pack/Textures/big_cone_orange_textures/big_cone_DefaultMaterial_Normal.png using Guid(5f6b4fbcfac40af48a3c137c7f044565) Importer(815301076,1909f56bfc062723c751e8b465ee728b)  -> (artifact id: '5dc2f583cfe69e46fd3cf140b7ad2c2a') in 0.089323 seconds 
  Import took 0.093088 seconds .

========================================================================
Received Import Request.
  Time since last request: 0.000340 seconds.
  path: Assets/Barrier Pack/Textures/crash_barrier_cap_textures/crash_barrier_cap_one_DefaultMaterial_AlbedoTransparency.png
  artifactKey: Guid(fdb5f624d7bf63147b0cab96f07f86f3) Importer(815301076,1909f56bfc062723c751e8b465ee728b)
Start importing Assets/Barrier Pack/Textures/crash_barrier_cap_textures/crash_barrier_cap_one_DefaultMaterial_AlbedoTransparency.png using Guid(fdb5f624d7bf63147b0cab96f07f86f3) Importer(815301076,1909f56bfc062723c751e8b465ee728b)  -> (artifact id: 'c336016ed9aba8c3583941a1a9e7f768') in 0.058774 seconds 
  Import took 0.061710 seconds .

========================================================================
Received Import Request.
  Time since last request: 0.000310 seconds.
  path: Assets/Barrier Pack/Textures/crash_barrier_cap_textures/crash_barrier_cap_one_DefaultMaterial_MetallicSmoothness.png
  artifactKey: Guid(7b151d1e501c5314093b4981adc84b32) Importer(815301076,1909f56bfc062723c751e8b465ee728b)
Start importing Assets/Barrier Pack/Textures/crash_barrier_cap_textures/crash_barrier_cap_one_DefaultMaterial_MetallicSmoothness.png using Guid(7b151d1e501c5314093b4981adc84b32) Importer(815301076,1909f56bfc062723c751e8b465ee728b)  -> (artifact id: '41ffdef3a25ea445c212a206bd67c606') in 0.075387 seconds 
  Import took 0.078204 seconds .

========================================================================
Received Import Request.
  Time since last request: 0.000311 seconds.
  path: Assets/Barrier Pack/Textures/crash_barrier_turn_textures/crash_barrier_turn_one_DefaultMaterial_MetallicSmoothness.png
  artifactKey: Guid(2582b8b763bf7fb4c9d79399a0e9ccee) Importer(815301076,1909f56bfc062723c751e8b465ee728b)
Start importing Assets/Barrier Pack/Textures/crash_barrier_turn_textures/crash_barrier_turn_one_DefaultMaterial_MetallicSmoothness.png using Guid(2582b8b763bf7fb4c9d79399a0e9ccee) Importer(815301076,1909f56bfc062723c751e8b465ee728b)  -> (artifact id: '5c8431c03d083d0561c03e68aaf78528') in 0.079768 seconds 
  Import took 0.082422 seconds .

========================================================================
Received Import Request.
  Time since last request: 0.000327 seconds.
  path: Assets/Barrier Pack/Textures/big_cone_textures/big_cone_DefaultMaterial_MetallicSmoothness.png
  artifactKey: Guid(6d61e1261c45d464cb7bdc2f5f5a8ef8) Importer(815301076,1909f56bfc062723c751e8b465ee728b)
Start importing Assets/Barrier Pack/Textures/big_cone_textures/big_cone_DefaultMaterial_MetallicSmoothness.png using Guid(6d61e1261c45d464cb7bdc2f5f5a8ef8) Importer(815301076,1909f56bfc062723c751e8b465ee728b)  -> (artifact id: 'cbdadcd432d44711da4dd46583d4786d') in 0.125948 seconds 
  Import took 0.128398 seconds .

========================================================================
Received Import Request.
  Time since last request: 0.000346 seconds.
  path: Assets/Barrier Pack/Textures/floor_diffuse.png
  artifactKey: Guid(ee5f9bf88befa4e4eb6ac1d74dae4051) Importer(815301076,1909f56bfc062723c751e8b465ee728b)
Start importing Assets/Barrier Pack/Textures/floor_diffuse.png using Guid(ee5f9bf88befa4e4eb6ac1d74dae4051) Importer(815301076,1909f56bfc062723c751e8b465ee728b)  -> (artifact id: '5a66c9a4b25d05a4a71237174757fa26') in 0.016675 seconds 
  Import took 0.020129 seconds .

========================================================================
Received Import Request.
  Time since last request: 0.000394 seconds.
  path: Assets/Barrier Pack/Textures/cone_orange_textures/cone_DefaultMaterial_MetallicSmoothness.png
  artifactKey: Guid(60659a71de274e9489f0817603e4fa57) Importer(815301076,1909f56bfc062723c751e8b465ee728b)
Start importing Assets/Barrier Pack/Textures/cone_orange_textures/cone_DefaultMaterial_MetallicSmoothness.png using Guid(60659a71de274e9489f0817603e4fa57) Importer(815301076,1909f56bfc062723c751e8b465ee728b)  -> (artifact id: '0e1ea351a6852ee9e2a77b5b947585e6') in 0.083372 seconds 
  Import took 0.086645 seconds .

========================================================================
Received Import Request.
  Time since last request: 0.000451 seconds.
  path: Assets/Barrier Pack/Textures/fenced_barrier_textures/fence_texture.png
  artifactKey: Guid(805dc97f74a0efc47aaccdda4944b644) Importer(815301076,1909f56bfc062723c751e8b465ee728b)
Start importing Assets/Barrier Pack/Textures/fenced_barrier_textures/fence_texture.png using Guid(805dc97f74a0efc47aaccdda4944b644) Importer(815301076,1909f56bfc062723c751e8b465ee728b)  -> (artifact id: 'd5248ccdcd74fc9f7288b6a5bbbb1f9b') in 0.090775 seconds 
  Import took 0.094446 seconds .

========================================================================
Received Import Request.
  Time since last request: 0.000329 seconds.
  path: Assets/Barrier Pack/Textures/fenced_barrier_textures/fenced_barrier_DefaultMaterial_AlbedoTransparency.png
  artifactKey: Guid(46af68dead8bac14fa790765f817d440) Importer(815301076,1909f56bfc062723c751e8b465ee728b)
Start importing Assets/Barrier Pack/Textures/fenced_barrier_textures/fenced_barrier_DefaultMaterial_AlbedoTransparency.png using Guid(46af68dead8bac14fa790765f817d440) Importer(815301076,1909f56bfc062723c751e8b465ee728b)  -> (artifact id: 'd62dde06c6647b4eb17bc89e0ea78349') in 0.055951 seconds 
  Import took 0.058554 seconds .

========================================================================
Received Import Request.
  Time since last request: 0.000298 seconds.
  path: Assets/Barrier Pack/Textures/fenced_barrier_textures/fenced_barrier_DefaultMaterial_AO.png
  artifactKey: Guid(e480491b864f7ff4bba7f32c1ce1895a) Importer(815301076,1909f56bfc062723c751e8b465ee728b)
Start importing Assets/Barrier Pack/Textures/fenced_barrier_textures/fenced_barrier_DefaultMaterial_AO.png using Guid(e480491b864f7ff4bba7f32c1ce1895a) Importer(815301076,1909f56bfc062723c751e8b465ee728b)  -> (artifact id: '232b34bf319573bdc9501ebdadaa9257') in 0.062326 seconds 
  Import took 0.065523 seconds .

========================================================================
Received Import Request.
  Time since last request: 0.000368 seconds.
  path: Assets/Barrier Pack/Textures/cone_textures/cone_DefaultMaterial_MetallicSmoothness.png
  artifactKey: Guid(d120aaf67eaf68e42b37ef587ec3af39) Importer(815301076,1909f56bfc062723c751e8b465ee728b)
Start importing Assets/Barrier Pack/Textures/cone_textures/cone_DefaultMaterial_MetallicSmoothness.png using Guid(d120aaf67eaf68e42b37ef587ec3af39) Importer(815301076,1909f56bfc062723c751e8b465ee728b)  -> (artifact id: '0905473b1f1addb9d5aa7027c31ed379') in 0.082858 seconds 
  Import took 0.086012 seconds .

========================================================================
Received Import Request.
  Time since last request: 0.000298 seconds.
  path: Assets/Barrier Pack/Textures/fenced_barrier_textures/fenced_barrier_DefaultMaterial_MetallicSmoothness.png
  artifactKey: Guid(262bef5dab678384784609c91b0405cd) Importer(815301076,1909f56bfc062723c751e8b465ee728b)
Start importing Assets/Barrier Pack/Textures/fenced_barrier_textures/fenced_barrier_DefaultMaterial_MetallicSmoothness.png using Guid(262bef5dab678384784609c91b0405cd) Importer(815301076,1909f56bfc062723c751e8b465ee728b)  -> (artifact id: '783bb5f88633d68c154834301a6911ac') in 0.078269 seconds 
  Import took 0.080747 seconds .

========================================================================
Received Import Request.
  Time since last request: 0.000282 seconds.
  path: Assets/Barrier Pack/Textures/painted_barrier_textures/barrier_DefaultMaterial_Normal.png
  artifactKey: Guid(5c547b291fcb65744bba9724ef3d2c54) Importer(815301076,1909f56bfc062723c751e8b465ee728b)
Start importing Assets/Barrier Pack/Textures/painted_barrier_textures/barrier_DefaultMaterial_Normal.png using Guid(5c547b291fcb65744bba9724ef3d2c54) Importer(815301076,1909f56bfc062723c751e8b465ee728b)  -> (artifact id: '57d167c7665c0f3d61be479a22df5ea9') in 0.163952 seconds 
  Import took 0.167572 seconds .

========================================================================
Received Import Request.
  Time since last request: 0.000582 seconds.
  path: Assets/Barrier Pack/Textures/barrier_textures/barrier_DefaultMaterial_AlbedoTransparency.png
  artifactKey: Guid(e16f784b49f11d9478d37af2c97d79ba) Importer(815301076,1909f56bfc062723c751e8b465ee728b)
Start importing Assets/Barrier Pack/Textures/barrier_textures/barrier_DefaultMaterial_AlbedoTransparency.png using Guid(e16f784b49f11d9478d37af2c97d79ba) Importer(815301076,1909f56bfc062723c751e8b465ee728b)  -> (artifact id: 'f15b356cb333bdb69757eee77d64c9d0') in 0.054122 seconds 
  Import took 0.057402 seconds .

========================================================================
Received Import Request.
  Time since last request: 0.000420 seconds.
  path: Assets/Barrier Pack/Textures/crash_barrier_cap_textures/crash_barrier_cap_one_DefaultMaterial_Normal.png
  artifactKey: Guid(455104a2925bfcc469f20a384075247c) Importer(815301076,1909f56bfc062723c751e8b465ee728b)
Start importing Assets/Barrier Pack/Textures/crash_barrier_cap_textures/crash_barrier_cap_one_DefaultMaterial_Normal.png using Guid(455104a2925bfcc469f20a384075247c) Importer(815301076,1909f56bfc062723c751e8b465ee728b)  -> (artifact id: 'd725dee15a269e8f706fa8f759be7de3') in 0.085424 seconds 
  Import took 0.087816 seconds .

========================================================================
Received Import Request.
  Time since last request: 0.000313 seconds.
  path: Assets/Barrier Pack/Textures/painted_barrier_textures/barrier_DefaultMaterial_MetallicSmoothness.png
  artifactKey: Guid(be40f1275d854904fa533fd8c12f4d59) Importer(815301076,1909f56bfc062723c751e8b465ee728b)
Start importing Assets/Barrier Pack/Textures/painted_barrier_textures/barrier_DefaultMaterial_MetallicSmoothness.png using Guid(be40f1275d854904fa533fd8c12f4d59) Importer(815301076,1909f56bfc062723c751e8b465ee728b)  -> (artifact id: 'ea3ab6d2cb1afea997bdcb35a82eea4f') in 0.088486 seconds 
  Import took 0.091235 seconds .

========================================================================
Received Import Request.
  Time since last request: 0.000399 seconds.
  path: Assets/Barrier Pack/Textures/barrier_textures/barrier_DefaultMaterial_Normal.png
  artifactKey: Guid(bfdc679165360b841955472428885d86) Importer(815301076,1909f56bfc062723c751e8b465ee728b)
Start importing Assets/Barrier Pack/Textures/barrier_textures/barrier_DefaultMaterial_Normal.png using Guid(bfdc679165360b841955472428885d86) Importer(815301076,1909f56bfc062723c751e8b465ee728b)  -> (artifact id: '27b5472a37332ba6eba51829b9981288') in 0.079018 seconds 
  Import took 0.082368 seconds .

========================================================================
Received Import Request.
  Time since last request: 0.000368 seconds.
  path: Assets/Barrier Pack/Textures/crash_barrier_turn_textures/crash_barrier_turn_one_DefaultMaterial_AO.png
  artifactKey: Guid(ffd6360061527a047a6427990f0ef358) Importer(815301076,1909f56bfc062723c751e8b465ee728b)
Start importing Assets/Barrier Pack/Textures/crash_barrier_turn_textures/crash_barrier_turn_one_DefaultMaterial_AO.png using Guid(ffd6360061527a047a6427990f0ef358) Importer(815301076,1909f56bfc062723c751e8b465ee728b)  -> (artifact id: 'd823a408b4675157895a8e7838e4ef4b') in 0.054532 seconds 
  Import took 0.057676 seconds .

========================================================================
Received Import Request.
  Time since last request: 0.000383 seconds.
  path: Assets/Barrier Pack/Textures/cone_textures/cone_DefaultMaterial_AlbedoTransparency.png
  artifactKey: Guid(5d2f1675ddfb3104f956ae4349fe094e) Importer(815301076,1909f56bfc062723c751e8b465ee728b)
Start importing Assets/Barrier Pack/Textures/cone_textures/cone_DefaultMaterial_AlbedoTransparency.png using Guid(5d2f1675ddfb3104f956ae4349fe094e) Importer(815301076,1909f56bfc062723c751e8b465ee728b)  -> (artifact id: 'a7ee5030151932b2811b4341e24bbb91') in 0.053697 seconds 
  Import took 0.056425 seconds .

========================================================================
Received Import Request.
  Time since last request: 0.000471 seconds.
  path: Assets/Barrier Pack/Textures/cone_orange_textures/cone_DefaultMaterial_AlbedoTransparency.png
  artifactKey: Guid(0fa3856536f12654ab763b1ca656cf44) Importer(815301076,1909f56bfc062723c751e8b465ee728b)
Start importing Assets/Barrier Pack/Textures/cone_orange_textures/cone_DefaultMaterial_AlbedoTransparency.png using Guid(0fa3856536f12654ab763b1ca656cf44) Importer(815301076,1909f56bfc062723c751e8b465ee728b)  -> (artifact id: '6d6d49f6a593564fbd28b7dd06e2e0ca') in 0.055175 seconds 
  Import took 0.057758 seconds .

========================================================================
Received Import Request.
  Time since last request: 0.000405 seconds.
  path: Assets/Barrier Pack/Textures/flooe_emission.png
  artifactKey: Guid(74661eea7263c6b4dbfa1c6dde057e62) Importer(815301076,1909f56bfc062723c751e8b465ee728b)
Start importing Assets/Barrier Pack/Textures/flooe_emission.png using Guid(74661eea7263c6b4dbfa1c6dde057e62) Importer(815301076,1909f56bfc062723c751e8b465ee728b)  -> (artifact id: 'a5671c8044b731b379d283b8b418d2a6') in 0.035777 seconds 
  Import took 0.039237 seconds .

========================================================================
Received Import Request.
  Time since last request: 0.000377 seconds.
  path: Assets/Barrier Pack/Textures/barrier_textures/barrier_DefaultMaterial_AO.png
  artifactKey: Guid(9d9ee9e2eaabae3468984d095e736005) Importer(815301076,1909f56bfc062723c751e8b465ee728b)
Start importing Assets/Barrier Pack/Textures/barrier_textures/barrier_DefaultMaterial_AO.png using Guid(9d9ee9e2eaabae3468984d095e736005) Importer(815301076,1909f56bfc062723c751e8b465ee728b)  -> (artifact id: '8aac78cb5d7e8d5563aa2ab931451357') in 0.071040 seconds 
  Import took 0.073922 seconds .

========================================================================
Received Import Request.
  Time since last request: 0.000494 seconds.
  path: Assets/Barrier Pack/Textures/crash_barrier_textures/crash_barrier_DefaultMaterial_Normal.png
  artifactKey: Guid(cfe9c358831ded5488c07e8fc8bacfe8) Importer(815301076,1909f56bfc062723c751e8b465ee728b)
Start importing Assets/Barrier Pack/Textures/crash_barrier_textures/crash_barrier_DefaultMaterial_Normal.png using Guid(cfe9c358831ded5488c07e8fc8bacfe8) Importer(815301076,1909f56bfc062723c751e8b465ee728b)  -> (artifact id: '7908771114ceeacca3561eafc6ee8713') in 0.080570 seconds 
  Import took 0.083576 seconds .

========================================================================
Received Import Request.
  Time since last request: 0.000398 seconds.
  path: Assets/Barrier Pack/Textures/fenced_barrier_textures/fenced_barrier_DefaultMaterial_Normal.png
  artifactKey: Guid(62f242963d23ea94181d5ed94ebf529e) Importer(815301076,1909f56bfc062723c751e8b465ee728b)
Start importing Assets/Barrier Pack/Textures/fenced_barrier_textures/fenced_barrier_DefaultMaterial_Normal.png using Guid(62f242963d23ea94181d5ed94ebf529e) Importer(815301076,1909f56bfc062723c751e8b465ee728b)  -> (artifact id: 'd3ef92c6bfc390c025de412de7874c3a') in 0.087435 seconds 
  Import took 0.090059 seconds .

========================================================================
Received Import Request.
  Time since last request: 0.000342 seconds.
  path: Assets/Barrier Pack/Textures/crash_barrier_turn_textures/crash_barrier_turn_one_DefaultMaterial_Normal.png
  artifactKey: Guid(a56a86dc4cf215343923a701add09aec) Importer(815301076,1909f56bfc062723c751e8b465ee728b)
Start importing Assets/Barrier Pack/Textures/crash_barrier_turn_textures/crash_barrier_turn_one_DefaultMaterial_Normal.png using Guid(a56a86dc4cf215343923a701add09aec) Importer(815301076,1909f56bfc062723c751e8b465ee728b)  -> (artifact id: '0486f9da3116a87598a9fef3a48db54a') in 0.080857 seconds 
  Import took 0.083559 seconds .

========================================================================
Received Import Request.
  Time since last request: 0.000404 seconds.
  path: Assets/Barrier Pack/Textures/big_cone_textures/big_cone_DefaultMaterial_Normal.png
  artifactKey: Guid(4e284d7560d6ca341ab08a1bea00836b) Importer(815301076,1909f56bfc062723c751e8b465ee728b)
Start importing Assets/Barrier Pack/Textures/big_cone_textures/big_cone_DefaultMaterial_Normal.png using Guid(4e284d7560d6ca341ab08a1bea00836b) Importer(815301076,1909f56bfc062723c751e8b465ee728b)  -> (artifact id: '3995a780543a47a5615a2ae80caffe0f') in 0.074919 seconds 
  Import took 0.077329 seconds .

========================================================================
Received Import Request.
  Time since last request: 0.000406 seconds.
  path: Assets/Barrier Pack/Textures/cone_orange_textures/cone_DefaultMaterial_Normal.png
  artifactKey: Guid(f2e27e509c92be0488b822bb2b103a90) Importer(815301076,1909f56bfc062723c751e8b465ee728b)
Start importing Assets/Barrier Pack/Textures/cone_orange_textures/cone_DefaultMaterial_Normal.png using Guid(f2e27e509c92be0488b822bb2b103a90) Importer(815301076,1909f56bfc062723c751e8b465ee728b)  -> (artifact id: 'ff9c2d2aa6c66145f2438288a639c2a9') in 0.087628 seconds 
  Import took 0.090287 seconds .

========================================================================
Received Import Request.
  Time since last request: 0.000461 seconds.
  path: Assets/Barrier Pack/Textures/big_cone_textures/big_cone_DefaultMaterial_AO.png
  artifactKey: Guid(e557ff7c88abb7249aa5351a767ff758) Importer(815301076,1909f56bfc062723c751e8b465ee728b)
Start importing Assets/Barrier Pack/Textures/big_cone_textures/big_cone_DefaultMaterial_AO.png using Guid(e557ff7c88abb7249aa5351a767ff758) Importer(815301076,1909f56bfc062723c751e8b465ee728b)  -> (artifact id: '8bc984dc8033e020b9e95a4a16f6706e') in 0.054664 seconds 
  Import took 0.057170 seconds .

========================================================================
Received Import Request.
  Time since last request: 0.000336 seconds.
  path: Assets/Barrier Pack/Textures/big_cone_orange_textures/big_cone_DefaultMaterial_AlbedoTransparency.png
  artifactKey: Guid(a695af11c1f9acc459369cc71c1e325a) Importer(815301076,1909f56bfc062723c751e8b465ee728b)
Start importing Assets/Barrier Pack/Textures/big_cone_orange_textures/big_cone_DefaultMaterial_AlbedoTransparency.png using Guid(a695af11c1f9acc459369cc71c1e325a) Importer(815301076,1909f56bfc062723c751e8b465ee728b)  -> (artifact id: '2f131348a3f2281fb34b635778a92d99') in 0.051947 seconds 
  Import took 0.054606 seconds .

========================================================================
Received Import Request.
  Time since last request: 0.000401 seconds.
  path: Assets/Barrier Pack/Textures/crash_barrier_textures/crash_barrier_DefaultMaterial_AO.png
  artifactKey: Guid(3ddd3b9a782e732428f9663f64075dad) Importer(815301076,1909f56bfc062723c751e8b465ee728b)
Start importing Assets/Barrier Pack/Textures/crash_barrier_textures/crash_barrier_DefaultMaterial_AO.png using Guid(3ddd3b9a782e732428f9663f64075dad) Importer(815301076,1909f56bfc062723c751e8b465ee728b)  -> (artifact id: '285be42e7f235bc5335dae04e89e6531') in 0.085407 seconds 
  Import took 0.088378 seconds .

========================================================================
Received Import Request.
  Time since last request: 0.000425 seconds.
  path: Assets/Barrier Pack/Textures/big_cone_textures/big_cone_DefaultMaterial_AlbedoTransparency.png
  artifactKey: Guid(3a89044c7acea3448ba6ff1b83347120) Importer(815301076,1909f56bfc062723c751e8b465ee728b)
Start importing Assets/Barrier Pack/Textures/big_cone_textures/big_cone_DefaultMaterial_AlbedoTransparency.png using Guid(3a89044c7acea3448ba6ff1b83347120) Importer(815301076,1909f56bfc062723c751e8b465ee728b)  -> (artifact id: '0d174eb2439f8bc280a3f49f6bf12a33') in 0.073704 seconds 
  Import took 0.076613 seconds .

========================================================================
Received Import Request.
  Time since last request: 0.000332 seconds.
  path: Assets/Barrier Pack/Textures/crash_barrier_turn_textures/crash_barrier_turn_one_DefaultMaterial_AlbedoTransparency.png
  artifactKey: Guid(d756def5451d3254f8a77105f33fee3b) Importer(815301076,1909f56bfc062723c751e8b465ee728b)
Start importing Assets/Barrier Pack/Textures/crash_barrier_turn_textures/crash_barrier_turn_one_DefaultMaterial_AlbedoTransparency.png using Guid(d756def5451d3254f8a77105f33fee3b) Importer(815301076,1909f56bfc062723c751e8b465ee728b)  -> (artifact id: 'af119002ba38416c8c62580b30f60f55') in 0.072013 seconds 
  Import took 0.074873 seconds .

========================================================================
Received Import Request.
  Time since last request: 0.000396 seconds.
  path: Assets/Barrier Pack/Textures/crash_barrier_textures/crash_barrier_DefaultMaterial_MetallicSmoothness.png
  artifactKey: Guid(da11b5964a566ff4c96ea3a03b3eff86) Importer(815301076,1909f56bfc062723c751e8b465ee728b)
Start importing Assets/Barrier Pack/Textures/crash_barrier_textures/crash_barrier_DefaultMaterial_MetallicSmoothness.png using Guid(da11b5964a566ff4c96ea3a03b3eff86) Importer(815301076,1909f56bfc062723c751e8b465ee728b)  -> (artifact id: '48df7b639ef5d8716e2118163093b32f') in 0.076013 seconds 
  Import took 0.079051 seconds .

========================================================================
Received Import Request.
  Time since last request: 0.000407 seconds.
  path: Assets/Barrier Pack/Textures/cone_textures/cone_DefaultMaterial_Normal.png
  artifactKey: Guid(86cf44ede56d78e4f84a3eea308f70af) Importer(815301076,1909f56bfc062723c751e8b465ee728b)
Start importing Assets/Barrier Pack/Textures/cone_textures/cone_DefaultMaterial_Normal.png using Guid(86cf44ede56d78e4f84a3eea308f70af) Importer(815301076,1909f56bfc062723c751e8b465ee728b)  -> (artifact id: '4e7dd3f52a8be5e742f7bbe26a01f452') in 0.078369 seconds 
  Import took 0.081190 seconds .

========================================================================
Received Import Request.
  Time since last request: 0.000485 seconds.
  path: Assets/Barrier Pack/Textures/crash_barrier_textures/crash_barrier_DefaultMaterial_AlbedoTransparency.png
  artifactKey: Guid(62761afd1d42ae0439bbeb0c095f68b1) Importer(815301076,1909f56bfc062723c751e8b465ee728b)
Start importing Assets/Barrier Pack/Textures/crash_barrier_textures/crash_barrier_DefaultMaterial_AlbedoTransparency.png using Guid(62761afd1d42ae0439bbeb0c095f68b1) Importer(815301076,1909f56bfc062723c751e8b465ee728b)  -> (artifact id: 'ffd3312657dcae836b21ff7573c82f48') in 0.056814 seconds 
  Import took 0.060704 seconds .

========================================================================
Received Prepare
Registering precompiled user dll's ...
Registered in 0.004445 seconds.
Begin MonoManager ReloadAssembly
Native extension for WindowsStandalone target not found
Native extension for WebGL target not found
Refreshing native plugins compatible for Editor in 0.50 ms, found 2 plugins.
Preloading 0 native plugins for Editor in 0.00 ms.
Mono: successfully reloaded assembly
- Completed reload, in  1.125 seconds
Domain Reload Profiling:
	ReloadAssembly (1125ms)
		BeginReloadAssembly (160ms)
			ExecutionOrderSort (0ms)
			DisableScriptedObjects (5ms)
			BackupInstance (0ms)
			ReleaseScriptingObjects (0ms)
			CreateAndSetChildDomain (36ms)
		EndReloadAssembly (897ms)
			LoadAssemblies (146ms)
			RebuildTransferFunctionScriptingTraits (0ms)
			SetupTypeCache (300ms)
			ReleaseScriptCaches (1ms)
			RebuildScriptCaches (43ms)
			SetupLoadedEditorAssemblies (336ms)
				LogAssemblyErrors (0ms)
				InitializePlatformSupportModulesInManaged (6ms)
				SetLoadedEditorAssemblies (0ms)
				RefreshPlugins (1ms)
				BeforeProcessingInitializeOnLoad (100ms)
				ProcessInitializeOnLoadAttributes (220ms)
				ProcessInitializeOnLoadMethodAttributes (5ms)
				AfterProcessingInitializeOnLoad (3ms)
				EditorAssembliesLoaded (0ms)
			ExecutionOrderSort2 (0ms)
			AwakeInstancesAfterBackupRestoration (8ms)
Platform modules already initialized, skipping
Refreshing native plugins compatible for Editor in 0.53 ms, found 2 plugins.
Preloading 0 native plugins for Editor in 0.00 ms.
Unloading 1435 Unused Serialized files (Serialized files now loaded: 0)
System memory in use before: 90.5 MB.
System memory in use after: 90.4 MB.

Unloading 12 unused Assets to reduce memory usage. Loaded Objects now: 1969.
Total: 4.030800 ms (FindLiveObjects: 0.140100 ms CreateObjectMapping: 0.043000 ms MarkObjects: 3.488300 ms  DeleteObjects: 0.358300 ms)

AssetImportParameters requested are different than current active one (requested -> active):
  custom:framework-win-MediaFoundation: 216162199b28c13a410421893ffa2e32 -> 
  custom:video-decoder-ogg-theora: a1e56fd34408186e4bbccfd4996cb3dc -> 
  custom:container-muxer-webm: aa71ff27fc2769a1b78a27578f13a17b -> 
  custom:container-demuxer-webm: 4f35f7cbe854078d1ac9338744f61a02 -> 
  custom:container-demuxer-ogg: 62fdf1f143b41e24485cea50d1cbac27 -> 
  custom:video-encoder-webm-vp8: eb34c28f22e8b96e1ab97ce403110664 -> 
  custom:video-decoder-webm-vp8: 9c59270c3fd7afecdb556c50c9e8de78 -> 
  custom:audio-decoder-ogg-vorbis: bf7c407c2cedff20999df2af8eb42d56 -> 
  custom:audio-encoder-webm-vorbis: bf7c407c2cedff20999df2af8eb42d56 -> 
========================================================================
Received Import Request.
  Time since last request: 135.933914 seconds.
  path: Assets/New Terrain 1.asset
  artifactKey: Guid(6cb092ec30e203a4d8ca4723d84541d4) Importer(815301076,1909f56bfc062723c751e8b465ee728b)
Start importing Assets/New Terrain 1.asset using Guid(6cb092ec30e203a4d8ca4723d84541d4) Importer(815301076,1909f56bfc062723c751e8b465ee728b)  -> (artifact id: '0d06e9c1bcc4f7f58cd963b4d3958eda') in 0.023042 seconds 
  Import took 0.026023 seconds .

========================================================================
Received Import Request.
  Time since last request: 0.000336 seconds.
  path: Assets/Water.mat
  artifactKey: Guid(b686b478ae678de4f8d2dfcd0716a305) Importer(815301076,1909f56bfc062723c751e8b465ee728b)
Start importing Assets/Water.mat using Guid(b686b478ae678de4f8d2dfcd0716a305) Importer(815301076,1909f56bfc062723c751e8b465ee728b)  -> (artifact id: '98da47cad0aede8947c6a31c3fa3366a') in 0.058411 seconds 
  Import took 0.060936 seconds .

========================================================================
Received Import Request.
  Time since last request: 125.065668 seconds.
  path: Assets/Barrier Pack/Materials/barrier_material.mat
  artifactKey: Guid(5e248322122df4d46b58b495b1b9c909) Importer(815301076,1909f56bfc062723c751e8b465ee728b)
Start importing Assets/Barrier Pack/Materials/barrier_material.mat using Guid(5e248322122df4d46b58b495b1b9c909) Importer(815301076,1909f56bfc062723c751e8b465ee728b)  -> (artifact id: '3817b25d1262026b97e1dbff67f0d99e') in 0.377984 seconds 
  Import took 0.382654 seconds .

========================================================================
Received Import Request.
  Time since last request: 0.000341 seconds.
  path: Assets/Barrier Pack/Materials/big_cone_orange_material.mat
  artifactKey: Guid(9d49b6bc725fcf34080272ec6ac18a6d) Importer(815301076,1909f56bfc062723c751e8b465ee728b)
Start importing Assets/Barrier Pack/Materials/big_cone_orange_material.mat using Guid(9d49b6bc725fcf34080272ec6ac18a6d) Importer(815301076,1909f56bfc062723c751e8b465ee728b)  -> (artifact id: '5133713543f1acf81094cf9635d408e6') in 0.082800 seconds 
  Import took 0.087197 seconds .

========================================================================
Received Import Request.
  Time since last request: 0.000309 seconds.
  path: Assets/Barrier Pack/Materials/crash_barrier_turn_one.mat
  artifactKey: Guid(9379fc8c8ef2b2948abc3ff5e7d32c14) Importer(815301076,1909f56bfc062723c751e8b465ee728b)
Start importing Assets/Barrier Pack/Materials/crash_barrier_turn_one.mat using Guid(9379fc8c8ef2b2948abc3ff5e7d32c14) Importer(815301076,1909f56bfc062723c751e8b465ee728b)  -> (artifact id: '5c598b69914a9111f2c63f3a2de3c9d7') in 0.030863 seconds 
  Import took 0.035018 seconds .

========================================================================
Received Import Request.
  Time since last request: 0.000327 seconds.
  path: Assets/Barrier Pack/Materials/big_cone_orange_material.mat
  artifactKey: Guid(9d49b6bc725fcf34080272ec6ac18a6d) Importer(815301076,1909f56bfc062723c751e8b465ee728b)
Start importing Assets/Barrier Pack/Materials/big_cone_orange_material.mat using Guid(9d49b6bc725fcf34080272ec6ac18a6d) Importer(815301076,1909f56bfc062723c751e8b465ee728b)  -> (artifact id: '5133713543f1acf81094cf9635d408e6') in 0.024488 seconds 
  Import took 0.028231 seconds .

========================================================================
Received Import Request.
  Time since last request: 0.000368 seconds.
  path: Assets/Barrier Pack/Materials/big_cone_material.mat
  artifactKey: Guid(70676c2b92778f04da042c8dab688662) Importer(815301076,1909f56bfc062723c751e8b465ee728b)
Start importing Assets/Barrier Pack/Materials/big_cone_material.mat using Guid(70676c2b92778f04da042c8dab688662) Importer(815301076,1909f56bfc062723c751e8b465ee728b)  -> (artifact id: '152e46ae20e69df75fa4127f7eb11161') in 0.037530 seconds 
  Import took 0.042573 seconds .

========================================================================
Received Import Request.
  Time since last request: 0.000335 seconds.
  path: Assets/Barrier Pack/Materials/crash_barrier_cap_material.mat
  artifactKey: Guid(09e913e928398a34482fb2c0bb3a6650) Importer(815301076,1909f56bfc062723c751e8b465ee728b)
Start importing Assets/Barrier Pack/Materials/crash_barrier_cap_material.mat using Guid(09e913e928398a34482fb2c0bb3a6650) Importer(815301076,1909f56bfc062723c751e8b465ee728b)  -> (artifact id: 'c00fd0ed42531cc802e716c9f8682c27') in 0.023439 seconds 
  Import took 0.027344 seconds .

========================================================================
Received Import Request.
  Time since last request: 0.000335 seconds.
  path: Assets/Barrier Pack/Materials/floor_materia.mat
  artifactKey: Guid(bb25d86e1b51a3e46aec21cd4158ced9) Importer(815301076,1909f56bfc062723c751e8b465ee728b)
Start importing Assets/Barrier Pack/Materials/floor_materia.mat using Guid(bb25d86e1b51a3e46aec21cd4158ced9) Importer(815301076,1909f56bfc062723c751e8b465ee728b)  -> (artifact id: '7bee9547a4991b54116180f4f9a7219e') in 0.016408 seconds 
  Import took 0.020031 seconds .

========================================================================
Received Import Request.
  Time since last request: 0.000632 seconds.
  path: Assets/Barrier Pack/Materials/fence_material.mat
  artifactKey: Guid(88110fdcd6d879546a7388ad39949917) Importer(815301076,1909f56bfc062723c751e8b465ee728b)
Start importing Assets/Barrier Pack/Materials/fence_material.mat using Guid(88110fdcd6d879546a7388ad39949917) Importer(815301076,1909f56bfc062723c751e8b465ee728b)  -> (artifact id: '8c46a3319d56fee500c4eace3be6563a') in 0.027356 seconds 
  Import took 0.030453 seconds .

========================================================================
Received Import Request.
  Time since last request: 0.000273 seconds.
  path: Assets/Barrier Pack/Materials/crash_barrier_material.mat
  artifactKey: Guid(f271c841bfee91e46a915da5d513bd81) Importer(815301076,1909f56bfc062723c751e8b465ee728b)
Start importing Assets/Barrier Pack/Materials/crash_barrier_material.mat using Guid(f271c841bfee91e46a915da5d513bd81) Importer(815301076,1909f56bfc062723c751e8b465ee728b)  -> (artifact id: '556cec1570b49981fbb6d387d53e0df0') in 0.023811 seconds 
  Import took 0.027533 seconds .

========================================================================
Received Import Request.
  Time since last request: 0.000272 seconds.
  path: Assets/Barrier Pack/Materials/barrier_material.mat
  artifactKey: Guid(5e248322122df4d46b58b495b1b9c909) Importer(815301076,1909f56bfc062723c751e8b465ee728b)
Start importing Assets/Barrier Pack/Materials/barrier_material.mat using Guid(5e248322122df4d46b58b495b1b9c909) Importer(815301076,1909f56bfc062723c751e8b465ee728b)  -> (artifact id: '3817b25d1262026b97e1dbff67f0d99e') in 0.023825 seconds 
  Import took 0.027689 seconds .

========================================================================
Received Import Request.
  Time since last request: 0.000280 seconds.
  path: Assets/Barrier Pack/Materials/cone_orange_material.mat
  artifactKey: Guid(4b2744682136d1f4793eb20190aa8918) Importer(815301076,1909f56bfc062723c751e8b465ee728b)
Start importing Assets/Barrier Pack/Materials/cone_orange_material.mat using Guid(4b2744682136d1f4793eb20190aa8918) Importer(815301076,1909f56bfc062723c751e8b465ee728b)  -> (artifact id: 'c59c4947a1219db5ba2c6b14f8315e52') in 0.020920 seconds 
  Import took 0.024152 seconds .

========================================================================
Received Import Request.
  Time since last request: 0.000304 seconds.
  path: Assets/Barrier Pack/Materials/fenced_barrier_material.mat
  artifactKey: Guid(3e31a8ab873b7044ba742a371f670e65) Importer(815301076,1909f56bfc062723c751e8b465ee728b)
Start importing Assets/Barrier Pack/Materials/fenced_barrier_material.mat using Guid(3e31a8ab873b7044ba742a371f670e65) Importer(815301076,1909f56bfc062723c751e8b465ee728b)  -> (artifact id: 'e3f51c4723e537a1df0804a0ca754d26') in 0.024816 seconds 
  Import took 0.028663 seconds .

========================================================================
Received Import Request.
  Time since last request: 0.000316 seconds.
  path: Assets/Barrier Pack/Materials/cone_material.mat
  artifactKey: Guid(2abe638b4ecc92f4cb4b3041668bf593) Importer(815301076,1909f56bfc062723c751e8b465ee728b)
Start importing Assets/Barrier Pack/Materials/cone_material.mat using Guid(2abe638b4ecc92f4cb4b3041668bf593) Importer(815301076,1909f56bfc062723c751e8b465ee728b)  -> (artifact id: '6a9693dd30f16fc9c745ee3e2dd7434e') in 0.019567 seconds 
  Import took 0.023377 seconds .

========================================================================
Received Import Request.
  Time since last request: 20.096034 seconds.
  path: Assets/Barrier Pack/Materials/iron_barrier_material.mat
  artifactKey: Guid(98b3799eee47095478d3f0df849f63b2) Importer(815301076,1909f56bfc062723c751e8b465ee728b)
Start importing Assets/Barrier Pack/Materials/iron_barrier_material.mat using Guid(98b3799eee47095478d3f0df849f63b2) Importer(815301076,1909f56bfc062723c751e8b465ee728b)  -> (artifact id: '43f13618a654806625884e83401dbab3') in 0.301632 seconds 
  Import took 0.305019 seconds .

========================================================================
Received Import Request.
  Time since last request: 0.000278 seconds.
  path: Assets/Barrier Pack/Materials/painted_barrier_material.mat
  artifactKey: Guid(bee5123311216514aa86e70a945902d2) Importer(815301076,1909f56bfc062723c751e8b465ee728b)
Start importing Assets/Barrier Pack/Materials/painted_barrier_material.mat using Guid(bee5123311216514aa86e70a945902d2) Importer(815301076,1909f56bfc062723c751e8b465ee728b)  -> (artifact id: '8d4614ce922057d25dcfbef485a6f646') in 0.038678 seconds 
  Import took 0.042678 seconds .

========================================================================
Received Import Request.
  Time since last request: 0.000481 seconds.
  path: Assets/Barrier Pack/Materials/painted_wall_barrier_material.mat
  artifactKey: Guid(7ec52ffd76d4d2345aa937a1ca88dd8e) Importer(815301076,1909f56bfc062723c751e8b465ee728b)
Start importing Assets/Barrier Pack/Materials/painted_wall_barrier_material.mat using Guid(7ec52ffd76d4d2345aa937a1ca88dd8e) Importer(815301076,1909f56bfc062723c751e8b465ee728b)  -> (artifact id: 'a5aaa86992c985630949f26a9accd341') in 0.263735 seconds 
  Import took 0.267685 seconds .

========================================================================
Received Import Request.
  Time since last request: 0.000316 seconds.
  path: Assets/Barrier Pack/Materials/stick_material.mat
  artifactKey: Guid(bc706306452b0fd4cbe940ffa25925ec) Importer(815301076,1909f56bfc062723c751e8b465ee728b)
Start importing Assets/Barrier Pack/Materials/stick_material.mat using Guid(bc706306452b0fd4cbe940ffa25925ec) Importer(815301076,1909f56bfc062723c751e8b465ee728b)  -> (artifact id: 'b8f077d40739541a1af8e99403a70a9a') in 0.250229 seconds 
  Import took 0.253704 seconds .

========================================================================
Received Import Request.
  Time since last request: 0.000250 seconds.
  path: Assets/Barrier Pack/Materials/wall_barrier_material.mat
  artifactKey: Guid(c351b333cad27f24da1aa89d5156dcf4) Importer(815301076,1909f56bfc062723c751e8b465ee728b)
Start importing Assets/Barrier Pack/Materials/wall_barrier_material.mat using Guid(c351b333cad27f24da1aa89d5156dcf4) Importer(815301076,1909f56bfc062723c751e8b465ee728b)  -> (artifact id: '79e66d1669f99dd546e971a328a24361') in 0.139874 seconds 
  Import took 0.143794 seconds .

========================================================================
Received Import Request.
  Time since last request: 0.000352 seconds.
  path: Assets/Barrier Pack/Materials/short_barrier_material.mat
  artifactKey: Guid(8dfa67196eb2872448904623c4a74b82) Importer(815301076,1909f56bfc062723c751e8b465ee728b)
Start importing Assets/Barrier Pack/Materials/short_barrier_material.mat using Guid(8dfa67196eb2872448904623c4a74b82) Importer(815301076,1909f56bfc062723c751e8b465ee728b)  -> (artifact id: '25f4dd621f2998f18c448dff5c12c717') in 0.254921 seconds 
  Import took 0.258483 seconds .

========================================================================
Received Import Request.
  Time since last request: 0.000342 seconds.
  path: Assets/Barrier Pack/Materials/warning_sign_material.mat
  artifactKey: Guid(100e6d389eaef0c4cae4686fe3a52d92) Importer(815301076,1909f56bfc062723c751e8b465ee728b)
Start importing Assets/Barrier Pack/Materials/warning_sign_material.mat using Guid(100e6d389eaef0c4cae4686fe3a52d92) Importer(815301076,1909f56bfc062723c751e8b465ee728b)  -> (artifact id: 'f8f3d10fac78999e627965a11cd616f7') in 0.251556 seconds 
  Import took 0.255120 seconds .

========================================================================
Received Import Request.
  Time since last request: 0.000449 seconds.
  path: Assets/Barrier Pack/Materials/painted_short_barrier_material.mat
  artifactKey: Guid(de944a85d9e67714aa111b555acd9a7d) Importer(815301076,1909f56bfc062723c751e8b465ee728b)
Start importing Assets/Barrier Pack/Materials/painted_short_barrier_material.mat using Guid(de944a85d9e67714aa111b555acd9a7d) Importer(815301076,1909f56bfc062723c751e8b465ee728b)  -> (artifact id: '60748b5ef67b3abb51e099226861db46') in 0.240267 seconds 
  Import took 0.243669 seconds .

========================================================================
Received Import Request.
  Time since last request: 0.000311 seconds.
  path: Assets/Barrier Pack/Materials/sign_1_material.mat
  artifactKey: Guid(567863767b0843b4c8d5ed4b09bef726) Importer(815301076,1909f56bfc062723c751e8b465ee728b)
Start importing Assets/Barrier Pack/Materials/sign_1_material.mat using Guid(567863767b0843b4c8d5ed4b09bef726) Importer(815301076,1909f56bfc062723c751e8b465ee728b)  -> (artifact id: '642c7161fa32c06269f95709b23f412f') in 0.206120 seconds 
  Import took 0.210073 seconds .

========================================================================
Received Import Request.
  Time since last request: 0.000360 seconds.
  path: Assets/Barrier Pack/Materials/painted_short_barrier_material.mat
  artifactKey: Guid(de944a85d9e67714aa111b555acd9a7d) Importer(815301076,1909f56bfc062723c751e8b465ee728b)
Start importing Assets/Barrier Pack/Materials/painted_short_barrier_material.mat using Guid(de944a85d9e67714aa111b555acd9a7d) Importer(815301076,1909f56bfc062723c751e8b465ee728b)  -> (artifact id: '60748b5ef67b3abb51e099226861db46') in 0.020059 seconds 
  Import took 0.025637 seconds .

========================================================================
Received Import Request.
  Time since last request: 0.000357 seconds.
  path: Assets/Barrier Pack/Materials/iron_barrier_material.mat
  artifactKey: Guid(98b3799eee47095478d3f0df849f63b2) Importer(815301076,1909f56bfc062723c751e8b465ee728b)
Start importing Assets/Barrier Pack/Materials/iron_barrier_material.mat using Guid(98b3799eee47095478d3f0df849f63b2) Importer(815301076,1909f56bfc062723c751e8b465ee728b)  -> (artifact id: '43f13618a654806625884e83401dbab3') in 0.016684 seconds 
  Import took 0.019638 seconds .

========================================================================
Received Import Request.
  Time since last request: 0.000325 seconds.
  path: Assets/Barrier Pack/Materials/signed_short_barrier_materia.mat
  artifactKey: Guid(461cdcaff60d1e94db70d7eb32d7ea4e) Importer(815301076,1909f56bfc062723c751e8b465ee728b)
Start importing Assets/Barrier Pack/Materials/signed_short_barrier_materia.mat using Guid(461cdcaff60d1e94db70d7eb32d7ea4e) Importer(815301076,1909f56bfc062723c751e8b465ee728b)  -> (artifact id: 'a2d5ad59568dff446026f607e7e6f4a4') in 0.216510 seconds 
  Import took 0.220124 seconds .

========================================================================
Received Import Request.
  Time since last request: 0.000330 seconds.
  path: Assets/Barrier Pack/Materials/pyramid_barrier_material.mat
  artifactKey: Guid(713d751bf8244a442ab9a212bcf70284) Importer(815301076,1909f56bfc062723c751e8b465ee728b)
Start importing Assets/Barrier Pack/Materials/pyramid_barrier_material.mat using Guid(713d751bf8244a442ab9a212bcf70284) Importer(815301076,1909f56bfc062723c751e8b465ee728b)  -> (artifact id: 'c6de33538834cdc21692f799b068d027') in 0.257364 seconds 
  Import took 0.260693 seconds .

========================================================================
Received Prepare
Registering precompiled user dll's ...
Registered in 0.006505 seconds.
Begin MonoManager ReloadAssembly
Native extension for WindowsStandalone target not found
Native extension for WebGL target not found
Refreshing native plugins compatible for Editor in 0.60 ms, found 2 plugins.
Preloading 0 native plugins for Editor in 0.00 ms.
Mono: successfully reloaded assembly
- Completed reload, in  1.128 seconds
Domain Reload Profiling:
	ReloadAssembly (1129ms)
		BeginReloadAssembly (154ms)
			ExecutionOrderSort (0ms)
			DisableScriptedObjects (4ms)
			BackupInstance (0ms)
			ReleaseScriptingObjects (0ms)
			CreateAndSetChildDomain (35ms)
		EndReloadAssembly (911ms)
			LoadAssemblies (134ms)
			RebuildTransferFunctionScriptingTraits (0ms)
			SetupTypeCache (336ms)
			ReleaseScriptCaches (1ms)
			RebuildScriptCaches (45ms)
			SetupLoadedEditorAssemblies (313ms)
				LogAssemblyErrors (0ms)
				InitializePlatformSupportModulesInManaged (6ms)
				SetLoadedEditorAssemblies (0ms)
				RefreshPlugins (1ms)
				BeforeProcessingInitializeOnLoad (87ms)
				ProcessInitializeOnLoadAttributes (210ms)
				ProcessInitializeOnLoadMethodAttributes (4ms)
				AfterProcessingInitializeOnLoad (3ms)
				EditorAssembliesLoaded (0ms)
			ExecutionOrderSort2 (0ms)
			AwakeInstancesAfterBackupRestoration (8ms)
Platform modules already initialized, skipping
Refreshing native plugins compatible for Editor in 0.54 ms, found 2 plugins.
Preloading 0 native plugins for Editor in 0.00 ms.
Unloading 1435 Unused Serialized files (Serialized files now loaded: 0)
System memory in use before: 90.6 MB.
System memory in use after: 90.4 MB.

Unloading 12 unused Assets to reduce memory usage. Loaded Objects now: 1972.
Total: 3.122300 ms (FindLiveObjects: 0.152600 ms CreateObjectMapping: 0.044800 ms MarkObjects: 2.657900 ms  DeleteObjects: 0.266100 ms)

AssetImportParameters requested are different than current active one (requested -> active):
  custom:framework-win-MediaFoundation: 216162199b28c13a410421893ffa2e32 -> 
  custom:video-decoder-ogg-theora: a1e56fd34408186e4bbccfd4996cb3dc -> 
  custom:container-muxer-webm: aa71ff27fc2769a1b78a27578f13a17b -> 
  custom:container-demuxer-webm: 4f35f7cbe854078d1ac9338744f61a02 -> 
  custom:container-demuxer-ogg: 62fdf1f143b41e24485cea50d1cbac27 -> 
  custom:video-encoder-webm-vp8: eb34c28f22e8b96e1ab97ce403110664 -> 
  custom:video-decoder-webm-vp8: 9c59270c3fd7afecdb556c50c9e8de78 -> 
  custom:audio-decoder-ogg-vorbis: bf7c407c2cedff20999df2af8eb42d56 -> 
  custom:audio-encoder-webm-vorbis: bf7c407c2cedff20999df2af8eb42d56 -> 
========================================================================
Received Import Request.
  Time since last request: 131.431384 seconds.
  path: Assets/Stone.mat
  artifactKey: Guid(8117257172b08b6469df36b97b026f76) Importer(815301076,1909f56bfc062723c751e8b465ee728b)
Start importing Assets/Stone.mat using Guid(8117257172b08b6469df36b97b026f76) Importer(815301076,1909f56bfc062723c751e8b465ee728b)  -> (artifact id: '23835cc0f2859410b976745b23c16e0f') in 0.070198 seconds 
  Import took 0.076064 seconds .

========================================================================
Received Prepare
Registering precompiled user dll's ...
Registered in 0.006064 seconds.
Begin MonoManager ReloadAssembly
Native extension for WindowsStandalone target not found
Native extension for WebGL target not found
Refreshing native plugins compatible for Editor in 0.49 ms, found 2 plugins.
Preloading 0 native plugins for Editor in 0.00 ms.
Mono: successfully reloaded assembly
- Completed reload, in  1.189 seconds
Domain Reload Profiling:
	ReloadAssembly (1190ms)
		BeginReloadAssembly (156ms)
			ExecutionOrderSort (0ms)
			DisableScriptedObjects (5ms)
			BackupInstance (0ms)
			ReleaseScriptingObjects (0ms)
			CreateAndSetChildDomain (35ms)
		EndReloadAssembly (962ms)
			LoadAssemblies (150ms)
			RebuildTransferFunctionScriptingTraits (0ms)
			SetupTypeCache (348ms)
			ReleaseScriptCaches (1ms)
			RebuildScriptCaches (49ms)
			SetupLoadedEditorAssemblies (316ms)
				LogAssemblyErrors (0ms)
				InitializePlatformSupportModulesInManaged (8ms)
				SetLoadedEditorAssemblies (0ms)
				RefreshPlugins (1ms)
				BeforeProcessingInitializeOnLoad (89ms)
				ProcessInitializeOnLoadAttributes (209ms)
				ProcessInitializeOnLoadMethodAttributes (5ms)
				AfterProcessingInitializeOnLoad (3ms)
				EditorAssembliesLoaded (0ms)
			ExecutionOrderSort2 (0ms)
			AwakeInstancesAfterBackupRestoration (7ms)
Platform modules already initialized, skipping
Refreshing native plugins compatible for Editor in 0.54 ms, found 2 plugins.
Preloading 0 native plugins for Editor in 0.00 ms.
Unloading 1435 Unused Serialized files (Serialized files now loaded: 0)
System memory in use before: 90.6 MB.
System memory in use after: 90.5 MB.

Unloading 12 unused Assets to reduce memory usage. Loaded Objects now: 1975.
Total: 3.259500 ms (FindLiveObjects: 0.151800 ms CreateObjectMapping: 0.049400 ms MarkObjects: 2.789400 ms  DeleteObjects: 0.267900 ms)

AssetImportParameters requested are different than current active one (requested -> active):
  custom:framework-win-MediaFoundation: 216162199b28c13a410421893ffa2e32 -> 
  custom:video-decoder-ogg-theora: a1e56fd34408186e4bbccfd4996cb3dc -> 
  custom:container-muxer-webm: aa71ff27fc2769a1b78a27578f13a17b -> 
  custom:container-demuxer-webm: 4f35f7cbe854078d1ac9338744f61a02 -> 
  custom:container-demuxer-ogg: 62fdf1f143b41e24485cea50d1cbac27 -> 
  custom:video-encoder-webm-vp8: eb34c28f22e8b96e1ab97ce403110664 -> 
  custom:video-decoder-webm-vp8: 9c59270c3fd7afecdb556c50c9e8de78 -> 
  custom:audio-decoder-ogg-vorbis: bf7c407c2cedff20999df2af8eb42d56 -> 
  custom:audio-encoder-webm-vorbis: bf7c407c2cedff20999df2af8eb42d56 -> 
AssetImportWorkerClient::OnTransportError - code=2 error=End of file
